<?xml version="1.0" encoding="UTF-8"?>
<!-- Generated by org.testng.reporters.JUnitReportReporter -->
<testsuite hostname="DESKTOP-7I53C7G" failures="0" tests="2" name="com.qa.amazon.tests.Logintest" time="0.326" errors="0" timestamp="2022-05-11T23:00:26 IST" skipped="0">
  <testcase classname="com.qa.amazon.tests.Logintest" name="loginpagetitletest" time="0.298"/>
  <system-out/>
  <testcase classname="com.qa.amazon.tests.Logintest" name="loginpageurltest" time="0.028"/>
  <system-out/>
</testsuite> <!-- com.qa.amazon.tests.Logintest -->
